<?xml version="1.0" encoding="UTF-8"?>
<!-- Generated by org.testng.reporters.JUnitReportReporter -->
<testsuite hostname="Asplap3114" failures="0" tests="1" name="testCases.TC002_LoginTest" time="1.165" errors="0" timestamp="2025-03-05T19:51:58 IST" skipped="0">
  <testcase classname="testCases.TC002_LoginTest" name="verify_login" time="1.165"/>
</testsuite> <!-- testCases.TC002_LoginTest -->
