<?xml version="1.0" encoding="UTF-8"?>
<!-- Generated by org.testng.reporters.JUnitReportReporter -->
<testsuite hostname="Asplap3114" failures="0" tests="2" name="testCases.TC001_AccountRegistrationTest" time="7.054" errors="0" timestamp="2025-03-14T15:19:07 IST" skipped="0">
  <testcase classname="testCases.TC001_AccountRegistrationTest" name="verify_account_registration" time="3.496"/>
  <testcase classname="testCases.TC001_AccountRegistrationTest" name="verify_account_registration" time="3.558"/>
</testsuite> <!-- testCases.TC001_AccountRegistrationTest -->
