<?xml version="1.0" encoding="UTF-8"?>
<!-- Generated by org.testng.reporters.JUnitReportReporter -->
<testsuite hostname="Asplap3114" failures="0" tests="5" name="testCases.TC003_LoginDataDrivenTest" time="6.823" errors="0" timestamp="2025-03-05T19:58:06 IST" skipped="0">
  <testcase classname="testCases.TC003_LoginDataDrivenTest" name="loginDDT" time="1.141"/>
  <testcase classname="testCases.TC003_LoginDataDrivenTest" name="loginDDT" time="1.105"/>
  <testcase classname="testCases.TC003_LoginDataDrivenTest" name="loginDDT" time="2.172"/>
  <testcase classname="testCases.TC003_LoginDataDrivenTest" name="loginDDT" time="1.225"/>
  <testcase classname="testCases.TC003_LoginDataDrivenTest" name="loginDDT" time="1.180"/>
</testsuite> <!-- testCases.TC003_LoginDataDrivenTest -->
